<?xml version="1.0" encoding="UTF-8"?>
<!-- Generated by org.testng.reporters.JUnitReportReporter -->
<testsuite hostname="DESKTOP-SE3VGIS" failures="0" tests="1" name="programmingLogics.FindVowels" time="0.031" errors="0" timestamp="2024-05-19T22:23:40 IST" skipped="0">
  <testcase classname="programmingLogics.FindVowels" name="vowelCountUsingMap" time="0.031"/>
  <system-out/>
</testsuite> <!-- programmingLogics.FindVowels -->
