<?xml version="1.0" encoding="UTF-8"?>
<!-- Generated by org.testng.reporters.JUnitReportReporter -->
<testsuite hostname="DESKTOP-SE3VGIS" failures="0" tests="1" name="javaProgram.ForthProg" time="0.048" errors="0" timestamp="2024-05-13T20:26:35 IST" skipped="0">
  <testcase classname="javaProgram.ForthProg" name="test" time="0.048"/>
  <system-out/>
</testsuite> <!-- javaProgram.ForthProg -->
