<?xml version="1.0" encoding="UTF-8"?>
<!-- Generated by org.testng.reporters.JUnitReportReporter -->
<testsuite hostname="DESKTOP-SE3VGIS" failures="0" tests="1" name="endToEnd.Update" time="4.513" errors="0" timestamp="2024-05-10T16:43:55 IST" skipped="0">
  <testcase classname="endToEnd.Update" name="createProjTest" time="4.513"/>
  <system-out/>
</testsuite> <!-- endToEnd.Update -->
