<?xml version="1.0" encoding="UTF-8"?>
<!-- Generated by org.testng.reporters.JUnitReportReporter -->
<testsuite hostname="DESKTOP-SE3VGIS" failures="0" tests="1" name="endToEnd.GetDataFromDB" time="4.241" errors="0" timestamp="2024-05-10T16:39:22 IST" skipped="0">
  <testcase classname="endToEnd.GetDataFromDB" name="test" time="4.241"/>
  <system-out/>
</testsuite> <!-- endToEnd.GetDataFromDB -->
