<?xml version="1.0" encoding="UTF-8"?>
<!-- Generated by org.testng.reporters.JUnitReportReporter -->
<testsuite hostname="DESKTOP-SE3VGIS" failures="0" tests="1" name="javaProgram.FirstP" time="0.031" errors="0" timestamp="2024-05-14T05:50:19 IST" skipped="0">
  <testcase classname="javaProgram.FirstP" name="demo" time="0.031"/>
  <system-out/>
</testsuite> <!-- javaProgram.FirstP -->
