<?xml version="1.0" encoding="UTF-8"?>
<!-- Generated by org.testng.reporters.JUnitReportReporter -->
<testsuite hostname="DESKTOP-SE3VGIS" failures="0" tests="1" name="programmingLogics.ReverseString" time="0.062" errors="0" timestamp="2024-05-22T17:18:00 IST" skipped="0">
  <testcase classname="programmingLogics.ReverseString" name="swapChars" time="0.062"/>
  <system-out/>
</testsuite> <!-- programmingLogics.ReverseString -->
