<?xml version="1.0" encoding="UTF-8"?>
<!-- Generated by org.testng.reporters.JUnitReportReporter -->
<testsuite hostname="DESKTOP-SE3VGIS" failures="0" tests="1" name="programmingLogics.CharCountofString" time="0.030" errors="0" timestamp="2024-05-21T13:30:47 IST" skipped="0">
  <testcase classname="programmingLogics.CharCountofString" name="fun1" time="0.030"/>
  <system-out/>
</testsuite> <!-- programmingLogics.CharCountofString -->
